<?xml version="1.0" encoding="UTF-8"?>
<testsuite xmlns:xsi="http://www.w3.org/2001/XMLSchema-instance" xsi:noNamespaceSchemaLocation="https://maven.apache.org/surefire/maven-surefire-plugin/xsd/surefire-test-report-3.0.xsd" version="3.0" name="com.solvd.carinaphonestest.OnlinerTest" time="11.361" tests="1" errors="0" skipped="0" failures="1">
  <properties>
    <property name="java.specification.version" value="17"/>
    <property name="sun.jnu.encoding" value="UTF-8"/>
    <property name="java.class.path" value="/Users/apetrov/Documents/carina-phones-test/target/test-classes:/Users/apetrov/Documents/carina-phones-test/target/classes:/Users/apetrov/.m2/repository/com/qaprosoft/carina-core/7.2.14/carina-core-7.2.14.jar:/Users/apetrov/.m2/repository/com/qaprosoft/carina-dataprovider/7.2.14/carina-dataprovider-7.2.14.jar:/Users/apetrov/.m2/repository/com/qaprosoft/carina-commons/7.2.14/carina-commons-7.2.14.jar:/Users/apetrov/.m2/repository/net/sf/opencsv/opencsv/1.7/opencsv-1.7.jar:/Users/apetrov/.m2/repository/org/apache/poi/poi-ooxml/4.1.2/poi-ooxml-4.1.2.jar:/Users/apetrov/.m2/repository/org/apache/poi/poi/4.1.2/poi-4.1.2.jar:/Users/apetrov/.m2/repository/org/apache/commons/commons-collections4/4.4/commons-collections4-4.4.jar:/Users/apetrov/.m2/repository/org/apache/commons/commons-math3/3.6.1/commons-math3-3.6.1.jar:/Users/apetrov/.m2/repository/com/zaxxer/SparseBitSet/1.2/SparseBitSet-1.2.jar:/Users/apetrov/.m2/repository/org/apache/poi/poi-ooxml-schemas/4.1.2/poi-ooxml-schemas-4.1.2.jar:/Users/apetrov/.m2/repository/org/apache/xmlbeans/xmlbeans/3.1.0/xmlbeans-3.1.0.jar:/Users/apetrov/.m2/repository/org/apache/commons/commons-compress/1.19/commons-compress-1.19.jar:/Users/apetrov/.m2/repository/com/github/virtuald/curvesapi/1.06/curvesapi-1.06.jar:/Users/apetrov/.m2/repository/com/qaprosoft/carina-utils/7.2.14/carina-utils-7.2.14.jar:/Users/apetrov/.m2/repository/com/qaprosoft/carina-crypto/7.2.14/carina-crypto-7.2.14.jar:/Users/apetrov/.m2/repository/commons-cli/commons-cli/1.2/commons-cli-1.2.jar:/Users/apetrov/.m2/repository/commons-codec/commons-codec/1.9/commons-codec-1.9.jar:/Users/apetrov/.m2/repository/com/zebrunner/agent-testng-pluggable/1.6.6/agent-testng-pluggable-1.6.6.jar:/Users/apetrov/.m2/repository/com/zebrunner/agent-core/1.6.6/agent-core-1.6.6.jar:/Users/apetrov/.m2/repository/com/konghq/unirest-java/3.13.0/unirest-java-3.13.0.jar:/Users/apetrov/.m2/repository/org/apache/httpcomponents/httpcore-nio/4.4.13/httpcore-nio-4.4.13.jar:/Users/apetrov/.m2/repository/org/apache/httpcomponents/httpasyncclient/4.1.4/httpasyncclient-4.1.4.jar:/Users/apetrov/.m2/repository/org/yaml/snakeyaml/1.26/snakeyaml-1.26.jar:/Users/apetrov/.m2/repository/org/slf4j/slf4j-log4j12/1.7.30/slf4j-log4j12-1.7.30.jar:/Users/apetrov/.m2/repository/org/seleniumhq/selenium/selenium-api/3.141.59/selenium-api-3.141.59.jar:/Users/apetrov/.m2/repository/org/seleniumhq/selenium/selenium-remote-driver/3.141.59/selenium-remote-driver-3.141.59.jar:/Users/apetrov/.m2/repository/com/sun/jna/jna/3.0.9/jna-3.0.9.jar:/Users/apetrov/.m2/repository/io/rest-assured/rest-assured/4.3.0/rest-assured-4.3.0.jar:/Users/apetrov/.m2/repository/org/codehaus/groovy/groovy/3.0.2/groovy-3.0.2.jar:/Users/apetrov/.m2/repository/org/codehaus/groovy/groovy-xml/3.0.2/groovy-xml-3.0.2.jar:/Users/apetrov/.m2/repository/org/apache/httpcomponents/httpmime/4.5.3/httpmime-4.5.3.jar:/Users/apetrov/.m2/repository/org/hamcrest/hamcrest/2.1/hamcrest-2.1.jar:/Users/apetrov/.m2/repository/org/ccil/cowan/tagsoup/tagsoup/1.2.1/tagsoup-1.2.1.jar:/Users/apetrov/.m2/repository/io/rest-assured/xml-path/4.3.0/xml-path-4.3.0.jar:/Users/apetrov/.m2/repository/jakarta/xml/bind/jakarta.xml.bind-api/2.3.2/jakarta.xml.bind-api-2.3.2.jar:/Users/apetrov/.m2/repository/jakarta/activation/jakarta.activation-api/1.2.1/jakarta.activation-api-1.2.1.jar:/Users/apetrov/.m2/repository/com/sun/xml/bind/jaxb-osgi/2.3.0.1/jaxb-osgi-2.3.0.1.jar:/Users/apetrov/.m2/repository/org/apache/sling/org.apache.sling.javax.activation/0.1.0/org.apache.sling.javax.activation-0.1.0.jar:/Users/apetrov/.m2/repository/io/rest-assured/json-path/4.3.0/json-path-4.3.0.jar:/Users/apetrov/.m2/repository/org/codehaus/groovy/groovy-json/3.0.2/groovy-json-3.0.2.jar:/Users/apetrov/.m2/repository/io/rest-assured/rest-assured-common/4.3.0/rest-assured-common-4.3.0.jar:/Users/apetrov/.m2/repository/org/apache/pdfbox/pdfbox/2.0.24/pdfbox-2.0.24.jar:/Users/apetrov/.m2/repository/org/apache/pdfbox/fontbox/2.0.24/fontbox-2.0.24.jar:/Users/apetrov/.m2/repository/com/fasterxml/jackson/core/jackson-databind/2.11.0/jackson-databind-2.11.0.jar:/Users/apetrov/.m2/repository/com/fasterxml/jackson/core/jackson-core/2.11.0/jackson-core-2.11.0.jar:/Users/apetrov/.m2/repository/com/fasterxml/jackson/core/jackson-annotations/2.11.0/jackson-annotations-2.11.0.jar:/Users/apetrov/.m2/repository/org/mongodb/mongo-java-driver/2.11.3/mongo-java-driver-2.11.3.jar:/Users/apetrov/.m2/repository/joda-time/joda-time/2.9.9/joda-time-2.9.9.jar:/Users/apetrov/.m2/repository/commons-net/commons-net/3.3/commons-net-3.3.jar:/Users/apetrov/.m2/repository/org/imgscalr/imgscalr-lib/4.2/imgscalr-lib-4.2.jar:/Users/apetrov/.m2/repository/com/google/code/gson/gson/2.8.5/gson-2.8.5.jar:/Users/apetrov/.m2/repository/javax/xml/bind/jaxb-api/2.2.2/jaxb-api-2.2.2.jar:/Users/apetrov/.m2/repository/javax/xml/stream/stax-api/1.0-2/stax-api-1.0-2.jar:/Users/apetrov/.m2/repository/javax/activation/activation/1.1/activation-1.1.jar:/Users/apetrov/.m2/repository/com/qaprosoft/carina-api/7.2.14/carina-api-7.2.14.jar:/Users/apetrov/.m2/repository/org/apache/httpcomponents/httpclient/4.5.13/httpclient-4.5.13.jar:/Users/apetrov/.m2/repository/org/apache/httpcomponents/httpcore/4.4.13/httpcore-4.4.13.jar:/Users/apetrov/.m2/repository/commons-logging/commons-logging/1.2/commons-logging-1.2.jar:/Users/apetrov/.m2/repository/org/apache/commons/commons-configuration2/2.7/commons-configuration2-2.7.jar:/Users/apetrov/.m2/repository/org/apache/commons/commons-text/1.8/commons-text-1.8.jar:/Users/apetrov/.m2/repository/org/freemarker/freemarker/2.3.14/freemarker-2.3.14.jar:/Users/apetrov/.m2/repository/org/skyscreamer/jsonassert/1.5.0/jsonassert-1.5.0.jar:/Users/apetrov/.m2/repository/org/xmlunit/xmlunit-assertj3/2.8.2/xmlunit-assertj3-2.8.2.jar:/Users/apetrov/.m2/repository/org/xmlunit/xmlunit-core/2.8.2/xmlunit-core-2.8.2.jar:/Users/apetrov/.m2/repository/org/assertj/assertj-core/3.18.1/assertj-core-3.18.1.jar:/Users/apetrov/.m2/repository/io/rest-assured/json-schema-validator/4.3.0/json-schema-validator-4.3.0.jar:/Users/apetrov/.m2/repository/com/github/java-json-tools/json-schema-validator/2.2.10/json-schema-validator-2.2.10.jar:/Users/apetrov/.m2/repository/com/github/java-json-tools/json-schema-core/1.2.10/json-schema-core-1.2.10.jar:/Users/apetrov/.m2/repository/com/github/java-json-tools/jackson-coreutils/1.9/jackson-coreutils-1.9.jar:/Users/apetrov/.m2/repository/com/github/fge/msg-simple/1.1/msg-simple-1.1.jar:/Users/apetrov/.m2/repository/com/github/fge/btf/1.2/btf-1.2.jar:/Users/apetrov/.m2/repository/com/github/fge/uri-template/0.9/uri-template-0.9.jar:/Users/apetrov/.m2/repository/org/mozilla/rhino/1.7.7.1/rhino-1.7.7.1.jar:/Users/apetrov/.m2/repository/javax/mail/mailapi/1.4.3/mailapi-1.4.3.jar:/Users/apetrov/.m2/repository/com/googlecode/libphonenumber/libphonenumber/8.0.0/libphonenumber-8.0.0.jar:/Users/apetrov/.m2/repository/net/sf/jopt-simple/jopt-simple/5.0.3/jopt-simple-5.0.3.jar:/Users/apetrov/.m2/repository/org/everit/json/org.everit.json.schema/1.5.1/org.everit.json.schema-1.5.1.jar:/Users/apetrov/.m2/repository/org/json/json/20160810/json-20160810.jar:/Users/apetrov/.m2/repository/com/jayway/jsonpath/json-path/2.5.0/json-path-2.5.0.jar:/Users/apetrov/.m2/repository/net/minidev/json-smart/2.3/json-smart-2.3.jar:/Users/apetrov/.m2/repository/net/minidev/accessors-smart/1.2/accessors-smart-1.2.jar:/Users/apetrov/.m2/repository/com/qaprosoft/carina-reporting/7.2.14/carina-reporting-7.2.14.jar:/Users/apetrov/.m2/repository/com/qaprosoft/carina-webdriver/7.2.14/carina-webdriver-7.2.14.jar:/Users/apetrov/.m2/repository/org/seleniumhq/selenium/selenium-firefox-driver/3.141.59/selenium-firefox-driver-3.141.59.jar:/Users/apetrov/.m2/repository/org/seleniumhq/selenium/selenium-chrome-driver/3.141.59/selenium-chrome-driver-3.141.59.jar:/Users/apetrov/.m2/repository/ru/yandex/qatools/ashot/ashot/1.5.4/ashot-1.5.4.jar:/Users/apetrov/.m2/repository/com/itextpdf/itextpdf/5.5.13.2/itextpdf-5.5.13.2.jar:/Users/apetrov/.m2/repository/org/reflections/reflections/0.9.10/reflections-0.9.10.jar:/Users/apetrov/.m2/repository/org/javassist/javassist/3.19.0-GA/javassist-3.19.0-GA.jar:/Users/apetrov/.m2/repository/com/google/code/findbugs/annotations/2.0.1/annotations-2.0.1.jar:/Users/apetrov/.m2/repository/com/sun/jersey/jersey-core/1.19.4/jersey-core-1.19.4.jar:/Users/apetrov/.m2/repository/javax/ws/rs/jsr311-api/1.1.1/jsr311-api-1.1.1.jar:/Users/apetrov/.m2/repository/org/hamcrest/hamcrest-core/1.3/hamcrest-core-1.3.jar:/Users/apetrov/.m2/repository/org/hamcrest/hamcrest-all/1.3/hamcrest-all-1.3.jar:/Users/apetrov/.m2/repository/com/qaprosoft/carina-appcenter/7.2.14/carina-appcenter-7.2.14.jar:/Users/apetrov/.m2/repository/org/springframework/spring-web/4.1.1.RELEASE/spring-web-4.1.1.RELEASE.jar:/Users/apetrov/.m2/repository/org/springframework/spring-aop/4.1.1.RELEASE/spring-aop-4.1.1.RELEASE.jar:/Users/apetrov/.m2/repository/aopalliance/aopalliance/1.0/aopalliance-1.0.jar:/Users/apetrov/.m2/repository/org/springframework/spring-beans/4.1.1.RELEASE/spring-beans-4.1.1.RELEASE.jar:/Users/apetrov/.m2/repository/org/springframework/spring-core/4.1.1.RELEASE/spring-core-4.1.1.RELEASE.jar:/Users/apetrov/.m2/repository/com/google/guava/guava/29.0-jre/guava-29.0-jre.jar:/Users/apetrov/.m2/repository/com/google/guava/failureaccess/1.0.1/failureaccess-1.0.1.jar:/Users/apetrov/.m2/repository/com/google/guava/listenablefuture/9999.0-empty-to-avoid-conflict-with-guava/listenablefuture-9999.0-empty-to-avoid-conflict-with-guava.jar:/Users/apetrov/.m2/repository/com/google/code/findbugs/jsr305/3.0.2/jsr305-3.0.2.jar:/Users/apetrov/.m2/repository/org/checkerframework/checker-qual/2.11.1/checker-qual-2.11.1.jar:/Users/apetrov/.m2/repository/com/google/errorprone/error_prone_annotations/2.3.4/error_prone_annotations-2.3.4.jar:/Users/apetrov/.m2/repository/com/google/j2objc/j2objc-annotations/1.3/j2objc-annotations-1.3.jar:/Users/apetrov/.m2/repository/com/qaprosoft/carina-aws-s3/7.2.14/carina-aws-s3-7.2.14.jar:/Users/apetrov/.m2/repository/com/amazonaws/aws-java-sdk-core/1.11.923/aws-java-sdk-core-1.11.923.jar:/Users/apetrov/.m2/repository/software/amazon/ion/ion-java/1.0.2/ion-java-1.0.2.jar:/Users/apetrov/.m2/repository/com/fasterxml/jackson/dataformat/jackson-dataformat-cbor/2.6.7/jackson-dataformat-cbor-2.6.7.jar:/Users/apetrov/.m2/repository/com/qaprosoft/carina-proxy/7.2.14/carina-proxy-7.2.14.jar:/Users/apetrov/.m2/repository/net/lightbody/bmp/browsermob-core/2.1.5/browsermob-core-2.1.5.jar:/Users/apetrov/.m2/repository/net/lightbody/bmp/littleproxy/1.1.0-beta-bmp-17/littleproxy-1.1.0-beta-bmp-17.jar:/Users/apetrov/.m2/repository/dnsjava/dnsjava/2.1.8/dnsjava-2.1.8.jar:/Users/apetrov/.m2/repository/org/slf4j/jcl-over-slf4j/1.7.25/jcl-over-slf4j-1.7.25.jar:/Users/apetrov/.m2/repository/com/jcraft/jzlib/1.1.3/jzlib-1.1.3.jar:/Users/apetrov/.m2/repository/org/bouncycastle/bcprov-jdk15on/1.58/bcprov-jdk15on-1.58.jar:/Users/apetrov/.m2/repository/org/bouncycastle/bcpkix-jdk15on/1.58/bcpkix-jdk15on-1.58.jar:/Users/apetrov/.m2/repository/net/lightbody/bmp/mitm/2.1.5/mitm-2.1.5.jar:/Users/apetrov/.m2/repository/io/netty/netty-all/4.1.42.Final/netty-all-4.1.42.Final.jar:/Users/apetrov/.m2/repository/log4j/log4j/1.2.17/log4j-1.2.17.jar:/Users/apetrov/.m2/repository/org/slf4j/slf4j-api/1.7.30/slf4j-api-1.7.30.jar:/Users/apetrov/.m2/repository/commons-collections/commons-collections/3.2.2/commons-collections-3.2.2.jar:/Users/apetrov/.m2/repository/org/seleniumhq/selenium/selenium-support/3.141.59/selenium-support-3.141.59.jar:/Users/apetrov/.m2/repository/net/bytebuddy/byte-buddy/1.8.15/byte-buddy-1.8.15.jar:/Users/apetrov/.m2/repository/org/apache/commons/commons-exec/1.3/commons-exec-1.3.jar:/Users/apetrov/.m2/repository/com/squareup/okhttp3/okhttp/3.11.0/okhttp-3.11.0.jar:/Users/apetrov/.m2/repository/com/squareup/okio/okio/1.14.0/okio-1.14.0.jar:/Users/apetrov/.m2/repository/com/amazonaws/aws-java-sdk-s3/1.11.923/aws-java-sdk-s3-1.11.923.jar:/Users/apetrov/.m2/repository/org/testng/testng/7.4.0/testng-7.4.0.jar:/Users/apetrov/.m2/repository/com/beust/jcommander/1.78/jcommander-1.78.jar:/Users/apetrov/.m2/repository/org/webjars/jquery/3.5.1/jquery-3.5.1.jar:/Users/apetrov/.m2/repository/com/nordstrom/tools/testng-foundation/2.0.1/testng-foundation-2.0.1.jar:/Users/apetrov/.m2/repository/com/nordstrom/tools/java-utils/1.9.3/java-utils-1.9.3.jar:/Users/apetrov/.m2/repository/com/nordstrom/tools/settings/2.3.3/settings-2.3.3.jar:/Users/apetrov/.m2/repository/commons-beanutils/commons-beanutils/1.9.4/commons-beanutils-1.9.4.jar:/Users/apetrov/.m2/repository/io/appium/java-client/7.5.1/java-client-7.5.1.jar:/Users/apetrov/.m2/repository/org/seleniumhq/selenium/selenium-java/3.141.59/selenium-java-3.141.59.jar:/Users/apetrov/.m2/repository/org/seleniumhq/selenium/selenium-edge-driver/3.141.59/selenium-edge-driver-3.141.59.jar:/Users/apetrov/.m2/repository/org/seleniumhq/selenium/selenium-ie-driver/3.141.59/selenium-ie-driver-3.141.59.jar:/Users/apetrov/.m2/repository/org/seleniumhq/selenium/selenium-opera-driver/3.141.59/selenium-opera-driver-3.141.59.jar:/Users/apetrov/.m2/repository/org/seleniumhq/selenium/selenium-safari-driver/3.141.59/selenium-safari-driver-3.141.59.jar:/Users/apetrov/.m2/repository/cglib/cglib/3.3.0/cglib-3.3.0.jar:/Users/apetrov/.m2/repository/org/ow2/asm/asm/7.1/asm-7.1.jar:/Users/apetrov/.m2/repository/commons-validator/commons-validator/1.7/commons-validator-1.7.jar:/Users/apetrov/.m2/repository/commons-digester/commons-digester/2.1/commons-digester-2.1.jar:/Users/apetrov/.m2/repository/org/springframework/spring-context/5.3.4/spring-context-5.3.4.jar:/Users/apetrov/.m2/repository/org/springframework/spring-expression/5.3.4/spring-expression-5.3.4.jar:/Users/apetrov/.m2/repository/org/aspectj/aspectjweaver/1.9.6/aspectjweaver-1.9.6.jar:/Users/apetrov/.m2/repository/com/qaprosoft/carina-azure/7.2.14/carina-azure-7.2.14.jar:/Users/apetrov/.m2/repository/com/azure/azure-storage-blob/12.7.0/azure-storage-blob-12.7.0.jar:/Users/apetrov/.m2/repository/com/azure/azure-core/1.5.1/azure-core-1.5.1.jar:/Users/apetrov/.m2/repository/com/fasterxml/jackson/datatype/jackson-datatype-jsr310/2.10.1/jackson-datatype-jsr310-2.10.1.jar:/Users/apetrov/.m2/repository/com/fasterxml/jackson/dataformat/jackson-dataformat-xml/2.10.1/jackson-dataformat-xml-2.10.1.jar:/Users/apetrov/.m2/repository/com/fasterxml/jackson/module/jackson-module-jaxb-annotations/2.10.1/jackson-module-jaxb-annotations-2.10.1.jar:/Users/apetrov/.m2/repository/org/codehaus/woodstox/stax2-api/4.2/stax2-api-4.2.jar:/Users/apetrov/.m2/repository/com/fasterxml/woodstox/woodstox-core/6.0.2/woodstox-core-6.0.2.jar:/Users/apetrov/.m2/repository/io/projectreactor/reactor-core/3.3.5.RELEASE/reactor-core-3.3.5.RELEASE.jar:/Users/apetrov/.m2/repository/org/reactivestreams/reactive-streams/1.0.3/reactive-streams-1.0.3.jar:/Users/apetrov/.m2/repository/io/netty/netty-tcnative-boringssl-static/2.0.29.Final/netty-tcnative-boringssl-static-2.0.29.Final.jar:/Users/apetrov/.m2/repository/com/azure/azure-storage-common/12.7.0/azure-storage-common-12.7.0.jar:/Users/apetrov/.m2/repository/com/azure/azure-core-http-netty/1.5.2/azure-core-http-netty-1.5.2.jar:/Users/apetrov/.m2/repository/io/netty/netty-handler/4.1.49.Final/netty-handler-4.1.49.Final.jar:/Users/apetrov/.m2/repository/io/netty/netty-common/4.1.49.Final/netty-common-4.1.49.Final.jar:/Users/apetrov/.m2/repository/io/netty/netty-resolver/4.1.49.Final/netty-resolver-4.1.49.Final.jar:/Users/apetrov/.m2/repository/io/netty/netty-transport/4.1.49.Final/netty-transport-4.1.49.Final.jar:/Users/apetrov/.m2/repository/io/netty/netty-codec/4.1.49.Final/netty-codec-4.1.49.Final.jar:/Users/apetrov/.m2/repository/io/netty/netty-handler-proxy/4.1.49.Final/netty-handler-proxy-4.1.49.Final.jar:/Users/apetrov/.m2/repository/io/netty/netty-codec-socks/4.1.49.Final/netty-codec-socks-4.1.49.Final.jar:/Users/apetrov/.m2/repository/io/netty/netty-buffer/4.1.49.Final/netty-buffer-4.1.49.Final.jar:/Users/apetrov/.m2/repository/io/netty/netty-codec-http/4.1.49.Final/netty-codec-http-4.1.49.Final.jar:/Users/apetrov/.m2/repository/io/netty/netty-codec-http2/4.1.49.Final/netty-codec-http2-4.1.49.Final.jar:/Users/apetrov/.m2/repository/io/netty/netty-transport-native-unix-common/4.1.49.Final/netty-transport-native-unix-common-4.1.49.Final.jar:/Users/apetrov/.m2/repository/io/netty/netty-transport-native-epoll/4.1.49.Final/netty-transport-native-epoll-4.1.49.Final-linux-x86_64.jar:/Users/apetrov/.m2/repository/io/projectreactor/netty/reactor-netty/0.9.7.RELEASE/reactor-netty-0.9.7.RELEASE.jar:/Users/apetrov/.m2/repository/commons-io/commons-io/2.6/commons-io-2.6.jar:/Users/apetrov/.m2/repository/org/apache/commons/commons-lang3/3.12.0/commons-lang3-3.12.0.jar:/Users/apetrov/.m2/repository/org/apache/logging/log4j/log4j-slf4j-impl/2.17.1/log4j-slf4j-impl-2.17.1.jar:/Users/apetrov/.m2/repository/org/apache/logging/log4j/log4j-api/2.17.1/log4j-api-2.17.1.jar:/Users/apetrov/.m2/repository/org/apache/logging/log4j/log4j-core/2.17.1/log4j-core-2.17.1.jar:"/>
    <property name="java.vm.vendor" value="Oracle Corporation"/>
    <property name="sun.arch.data.model" value="64"/>
    <property name="sun.font.fontmanager" value="sun.font.CFontManager"/>
    <property name="java.vendor.url" value="https://java.oracle.com/"/>
    <property name="user.timezone" value="Europe/Minsk"/>
    <property name="os.name" value="Mac OS X"/>
    <property name="java.vm.specification.version" value="17"/>
    <property name="sun.java.launcher" value="SUN_STANDARD"/>
    <property name="user.country" value="BY"/>
    <property name="sun.boot.library.path" value="/Users/apetrov/Library/Java/JavaVirtualMachines/openjdk-17.0.2/Contents/Home/lib"/>
    <property name="sun.java.command" value="/Users/apetrov/Documents/carina-phones-test/target/surefire/surefirebooter12938395081172683027.jar /Users/apetrov/Documents/carina-phones-test/target/surefire 2022-02-21T16-45-15_916-jvmRun1 surefire8928098229070066103tmp surefire_017655940580070964300tmp"/>
    <property name="http.nonProxyHosts" value="local|*.local|169.254/16|*.169.254/16"/>
    <property name="jdk.debug" value="release"/>
    <property name="surefire.test.class.path" value="/Users/apetrov/Documents/carina-phones-test/target/test-classes:/Users/apetrov/Documents/carina-phones-test/target/classes:/Users/apetrov/.m2/repository/com/qaprosoft/carina-core/7.2.14/carina-core-7.2.14.jar:/Users/apetrov/.m2/repository/com/qaprosoft/carina-dataprovider/7.2.14/carina-dataprovider-7.2.14.jar:/Users/apetrov/.m2/repository/com/qaprosoft/carina-commons/7.2.14/carina-commons-7.2.14.jar:/Users/apetrov/.m2/repository/net/sf/opencsv/opencsv/1.7/opencsv-1.7.jar:/Users/apetrov/.m2/repository/org/apache/poi/poi-ooxml/4.1.2/poi-ooxml-4.1.2.jar:/Users/apetrov/.m2/repository/org/apache/poi/poi/4.1.2/poi-4.1.2.jar:/Users/apetrov/.m2/repository/org/apache/commons/commons-collections4/4.4/commons-collections4-4.4.jar:/Users/apetrov/.m2/repository/org/apache/commons/commons-math3/3.6.1/commons-math3-3.6.1.jar:/Users/apetrov/.m2/repository/com/zaxxer/SparseBitSet/1.2/SparseBitSet-1.2.jar:/Users/apetrov/.m2/repository/org/apache/poi/poi-ooxml-schemas/4.1.2/poi-ooxml-schemas-4.1.2.jar:/Users/apetrov/.m2/repository/org/apache/xmlbeans/xmlbeans/3.1.0/xmlbeans-3.1.0.jar:/Users/apetrov/.m2/repository/org/apache/commons/commons-compress/1.19/commons-compress-1.19.jar:/Users/apetrov/.m2/repository/com/github/virtuald/curvesapi/1.06/curvesapi-1.06.jar:/Users/apetrov/.m2/repository/com/qaprosoft/carina-utils/7.2.14/carina-utils-7.2.14.jar:/Users/apetrov/.m2/repository/com/qaprosoft/carina-crypto/7.2.14/carina-crypto-7.2.14.jar:/Users/apetrov/.m2/repository/commons-cli/commons-cli/1.2/commons-cli-1.2.jar:/Users/apetrov/.m2/repository/commons-codec/commons-codec/1.9/commons-codec-1.9.jar:/Users/apetrov/.m2/repository/com/zebrunner/agent-testng-pluggable/1.6.6/agent-testng-pluggable-1.6.6.jar:/Users/apetrov/.m2/repository/com/zebrunner/agent-core/1.6.6/agent-core-1.6.6.jar:/Users/apetrov/.m2/repository/com/konghq/unirest-java/3.13.0/unirest-java-3.13.0.jar:/Users/apetrov/.m2/repository/org/apache/httpcomponents/httpcore-nio/4.4.13/httpcore-nio-4.4.13.jar:/Users/apetrov/.m2/repository/org/apache/httpcomponents/httpasyncclient/4.1.4/httpasyncclient-4.1.4.jar:/Users/apetrov/.m2/repository/org/yaml/snakeyaml/1.26/snakeyaml-1.26.jar:/Users/apetrov/.m2/repository/org/slf4j/slf4j-log4j12/1.7.30/slf4j-log4j12-1.7.30.jar:/Users/apetrov/.m2/repository/org/seleniumhq/selenium/selenium-api/3.141.59/selenium-api-3.141.59.jar:/Users/apetrov/.m2/repository/org/seleniumhq/selenium/selenium-remote-driver/3.141.59/selenium-remote-driver-3.141.59.jar:/Users/apetrov/.m2/repository/com/sun/jna/jna/3.0.9/jna-3.0.9.jar:/Users/apetrov/.m2/repository/io/rest-assured/rest-assured/4.3.0/rest-assured-4.3.0.jar:/Users/apetrov/.m2/repository/org/codehaus/groovy/groovy/3.0.2/groovy-3.0.2.jar:/Users/apetrov/.m2/repository/org/codehaus/groovy/groovy-xml/3.0.2/groovy-xml-3.0.2.jar:/Users/apetrov/.m2/repository/org/apache/httpcomponents/httpmime/4.5.3/httpmime-4.5.3.jar:/Users/apetrov/.m2/repository/org/hamcrest/hamcrest/2.1/hamcrest-2.1.jar:/Users/apetrov/.m2/repository/org/ccil/cowan/tagsoup/tagsoup/1.2.1/tagsoup-1.2.1.jar:/Users/apetrov/.m2/repository/io/rest-assured/xml-path/4.3.0/xml-path-4.3.0.jar:/Users/apetrov/.m2/repository/jakarta/xml/bind/jakarta.xml.bind-api/2.3.2/jakarta.xml.bind-api-2.3.2.jar:/Users/apetrov/.m2/repository/jakarta/activation/jakarta.activation-api/1.2.1/jakarta.activation-api-1.2.1.jar:/Users/apetrov/.m2/repository/com/sun/xml/bind/jaxb-osgi/2.3.0.1/jaxb-osgi-2.3.0.1.jar:/Users/apetrov/.m2/repository/org/apache/sling/org.apache.sling.javax.activation/0.1.0/org.apache.sling.javax.activation-0.1.0.jar:/Users/apetrov/.m2/repository/io/rest-assured/json-path/4.3.0/json-path-4.3.0.jar:/Users/apetrov/.m2/repository/org/codehaus/groovy/groovy-json/3.0.2/groovy-json-3.0.2.jar:/Users/apetrov/.m2/repository/io/rest-assured/rest-assured-common/4.3.0/rest-assured-common-4.3.0.jar:/Users/apetrov/.m2/repository/org/apache/pdfbox/pdfbox/2.0.24/pdfbox-2.0.24.jar:/Users/apetrov/.m2/repository/org/apache/pdfbox/fontbox/2.0.24/fontbox-2.0.24.jar:/Users/apetrov/.m2/repository/com/fasterxml/jackson/core/jackson-databind/2.11.0/jackson-databind-2.11.0.jar:/Users/apetrov/.m2/repository/com/fasterxml/jackson/core/jackson-core/2.11.0/jackson-core-2.11.0.jar:/Users/apetrov/.m2/repository/com/fasterxml/jackson/core/jackson-annotations/2.11.0/jackson-annotations-2.11.0.jar:/Users/apetrov/.m2/repository/org/mongodb/mongo-java-driver/2.11.3/mongo-java-driver-2.11.3.jar:/Users/apetrov/.m2/repository/joda-time/joda-time/2.9.9/joda-time-2.9.9.jar:/Users/apetrov/.m2/repository/commons-net/commons-net/3.3/commons-net-3.3.jar:/Users/apetrov/.m2/repository/org/imgscalr/imgscalr-lib/4.2/imgscalr-lib-4.2.jar:/Users/apetrov/.m2/repository/com/google/code/gson/gson/2.8.5/gson-2.8.5.jar:/Users/apetrov/.m2/repository/javax/xml/bind/jaxb-api/2.2.2/jaxb-api-2.2.2.jar:/Users/apetrov/.m2/repository/javax/xml/stream/stax-api/1.0-2/stax-api-1.0-2.jar:/Users/apetrov/.m2/repository/javax/activation/activation/1.1/activation-1.1.jar:/Users/apetrov/.m2/repository/com/qaprosoft/carina-api/7.2.14/carina-api-7.2.14.jar:/Users/apetrov/.m2/repository/org/apache/httpcomponents/httpclient/4.5.13/httpclient-4.5.13.jar:/Users/apetrov/.m2/repository/org/apache/httpcomponents/httpcore/4.4.13/httpcore-4.4.13.jar:/Users/apetrov/.m2/repository/commons-logging/commons-logging/1.2/commons-logging-1.2.jar:/Users/apetrov/.m2/repository/org/apache/commons/commons-configuration2/2.7/commons-configuration2-2.7.jar:/Users/apetrov/.m2/repository/org/apache/commons/commons-text/1.8/commons-text-1.8.jar:/Users/apetrov/.m2/repository/org/freemarker/freemarker/2.3.14/freemarker-2.3.14.jar:/Users/apetrov/.m2/repository/org/skyscreamer/jsonassert/1.5.0/jsonassert-1.5.0.jar:/Users/apetrov/.m2/repository/org/xmlunit/xmlunit-assertj3/2.8.2/xmlunit-assertj3-2.8.2.jar:/Users/apetrov/.m2/repository/org/xmlunit/xmlunit-core/2.8.2/xmlunit-core-2.8.2.jar:/Users/apetrov/.m2/repository/org/assertj/assertj-core/3.18.1/assertj-core-3.18.1.jar:/Users/apetrov/.m2/repository/io/rest-assured/json-schema-validator/4.3.0/json-schema-validator-4.3.0.jar:/Users/apetrov/.m2/repository/com/github/java-json-tools/json-schema-validator/2.2.10/json-schema-validator-2.2.10.jar:/Users/apetrov/.m2/repository/com/github/java-json-tools/json-schema-core/1.2.10/json-schema-core-1.2.10.jar:/Users/apetrov/.m2/repository/com/github/java-json-tools/jackson-coreutils/1.9/jackson-coreutils-1.9.jar:/Users/apetrov/.m2/repository/com/github/fge/msg-simple/1.1/msg-simple-1.1.jar:/Users/apetrov/.m2/repository/com/github/fge/btf/1.2/btf-1.2.jar:/Users/apetrov/.m2/repository/com/github/fge/uri-template/0.9/uri-template-0.9.jar:/Users/apetrov/.m2/repository/org/mozilla/rhino/1.7.7.1/rhino-1.7.7.1.jar:/Users/apetrov/.m2/repository/javax/mail/mailapi/1.4.3/mailapi-1.4.3.jar:/Users/apetrov/.m2/repository/com/googlecode/libphonenumber/libphonenumber/8.0.0/libphonenumber-8.0.0.jar:/Users/apetrov/.m2/repository/net/sf/jopt-simple/jopt-simple/5.0.3/jopt-simple-5.0.3.jar:/Users/apetrov/.m2/repository/org/everit/json/org.everit.json.schema/1.5.1/org.everit.json.schema-1.5.1.jar:/Users/apetrov/.m2/repository/org/json/json/20160810/json-20160810.jar:/Users/apetrov/.m2/repository/com/jayway/jsonpath/json-path/2.5.0/json-path-2.5.0.jar:/Users/apetrov/.m2/repository/net/minidev/json-smart/2.3/json-smart-2.3.jar:/Users/apetrov/.m2/repository/net/minidev/accessors-smart/1.2/accessors-smart-1.2.jar:/Users/apetrov/.m2/repository/com/qaprosoft/carina-reporting/7.2.14/carina-reporting-7.2.14.jar:/Users/apetrov/.m2/repository/com/qaprosoft/carina-webdriver/7.2.14/carina-webdriver-7.2.14.jar:/Users/apetrov/.m2/repository/org/seleniumhq/selenium/selenium-firefox-driver/3.141.59/selenium-firefox-driver-3.141.59.jar:/Users/apetrov/.m2/repository/org/seleniumhq/selenium/selenium-chrome-driver/3.141.59/selenium-chrome-driver-3.141.59.jar:/Users/apetrov/.m2/repository/ru/yandex/qatools/ashot/ashot/1.5.4/ashot-1.5.4.jar:/Users/apetrov/.m2/repository/com/itextpdf/itextpdf/5.5.13.2/itextpdf-5.5.13.2.jar:/Users/apetrov/.m2/repository/org/reflections/reflections/0.9.10/reflections-0.9.10.jar:/Users/apetrov/.m2/repository/org/javassist/javassist/3.19.0-GA/javassist-3.19.0-GA.jar:/Users/apetrov/.m2/repository/com/google/code/findbugs/annotations/2.0.1/annotations-2.0.1.jar:/Users/apetrov/.m2/repository/com/sun/jersey/jersey-core/1.19.4/jersey-core-1.19.4.jar:/Users/apetrov/.m2/repository/javax/ws/rs/jsr311-api/1.1.1/jsr311-api-1.1.1.jar:/Users/apetrov/.m2/repository/org/hamcrest/hamcrest-core/1.3/hamcrest-core-1.3.jar:/Users/apetrov/.m2/repository/org/hamcrest/hamcrest-all/1.3/hamcrest-all-1.3.jar:/Users/apetrov/.m2/repository/com/qaprosoft/carina-appcenter/7.2.14/carina-appcenter-7.2.14.jar:/Users/apetrov/.m2/repository/org/springframework/spring-web/4.1.1.RELEASE/spring-web-4.1.1.RELEASE.jar:/Users/apetrov/.m2/repository/org/springframework/spring-aop/4.1.1.RELEASE/spring-aop-4.1.1.RELEASE.jar:/Users/apetrov/.m2/repository/aopalliance/aopalliance/1.0/aopalliance-1.0.jar:/Users/apetrov/.m2/repository/org/springframework/spring-beans/4.1.1.RELEASE/spring-beans-4.1.1.RELEASE.jar:/Users/apetrov/.m2/repository/org/springframework/spring-core/4.1.1.RELEASE/spring-core-4.1.1.RELEASE.jar:/Users/apetrov/.m2/repository/com/google/guava/guava/29.0-jre/guava-29.0-jre.jar:/Users/apetrov/.m2/repository/com/google/guava/failureaccess/1.0.1/failureaccess-1.0.1.jar:/Users/apetrov/.m2/repository/com/google/guava/listenablefuture/9999.0-empty-to-avoid-conflict-with-guava/listenablefuture-9999.0-empty-to-avoid-conflict-with-guava.jar:/Users/apetrov/.m2/repository/com/google/code/findbugs/jsr305/3.0.2/jsr305-3.0.2.jar:/Users/apetrov/.m2/repository/org/checkerframework/checker-qual/2.11.1/checker-qual-2.11.1.jar:/Users/apetrov/.m2/repository/com/google/errorprone/error_prone_annotations/2.3.4/error_prone_annotations-2.3.4.jar:/Users/apetrov/.m2/repository/com/google/j2objc/j2objc-annotations/1.3/j2objc-annotations-1.3.jar:/Users/apetrov/.m2/repository/com/qaprosoft/carina-aws-s3/7.2.14/carina-aws-s3-7.2.14.jar:/Users/apetrov/.m2/repository/com/amazonaws/aws-java-sdk-core/1.11.923/aws-java-sdk-core-1.11.923.jar:/Users/apetrov/.m2/repository/software/amazon/ion/ion-java/1.0.2/ion-java-1.0.2.jar:/Users/apetrov/.m2/repository/com/fasterxml/jackson/dataformat/jackson-dataformat-cbor/2.6.7/jackson-dataformat-cbor-2.6.7.jar:/Users/apetrov/.m2/repository/com/qaprosoft/carina-proxy/7.2.14/carina-proxy-7.2.14.jar:/Users/apetrov/.m2/repository/net/lightbody/bmp/browsermob-core/2.1.5/browsermob-core-2.1.5.jar:/Users/apetrov/.m2/repository/net/lightbody/bmp/littleproxy/1.1.0-beta-bmp-17/littleproxy-1.1.0-beta-bmp-17.jar:/Users/apetrov/.m2/repository/dnsjava/dnsjava/2.1.8/dnsjava-2.1.8.jar:/Users/apetrov/.m2/repository/org/slf4j/jcl-over-slf4j/1.7.25/jcl-over-slf4j-1.7.25.jar:/Users/apetrov/.m2/repository/com/jcraft/jzlib/1.1.3/jzlib-1.1.3.jar:/Users/apetrov/.m2/repository/org/bouncycastle/bcprov-jdk15on/1.58/bcprov-jdk15on-1.58.jar:/Users/apetrov/.m2/repository/org/bouncycastle/bcpkix-jdk15on/1.58/bcpkix-jdk15on-1.58.jar:/Users/apetrov/.m2/repository/net/lightbody/bmp/mitm/2.1.5/mitm-2.1.5.jar:/Users/apetrov/.m2/repository/io/netty/netty-all/4.1.42.Final/netty-all-4.1.42.Final.jar:/Users/apetrov/.m2/repository/log4j/log4j/1.2.17/log4j-1.2.17.jar:/Users/apetrov/.m2/repository/org/slf4j/slf4j-api/1.7.30/slf4j-api-1.7.30.jar:/Users/apetrov/.m2/repository/commons-collections/commons-collections/3.2.2/commons-collections-3.2.2.jar:/Users/apetrov/.m2/repository/org/seleniumhq/selenium/selenium-support/3.141.59/selenium-support-3.141.59.jar:/Users/apetrov/.m2/repository/net/bytebuddy/byte-buddy/1.8.15/byte-buddy-1.8.15.jar:/Users/apetrov/.m2/repository/org/apache/commons/commons-exec/1.3/commons-exec-1.3.jar:/Users/apetrov/.m2/repository/com/squareup/okhttp3/okhttp/3.11.0/okhttp-3.11.0.jar:/Users/apetrov/.m2/repository/com/squareup/okio/okio/1.14.0/okio-1.14.0.jar:/Users/apetrov/.m2/repository/com/amazonaws/aws-java-sdk-s3/1.11.923/aws-java-sdk-s3-1.11.923.jar:/Users/apetrov/.m2/repository/org/testng/testng/7.4.0/testng-7.4.0.jar:/Users/apetrov/.m2/repository/com/beust/jcommander/1.78/jcommander-1.78.jar:/Users/apetrov/.m2/repository/org/webjars/jquery/3.5.1/jquery-3.5.1.jar:/Users/apetrov/.m2/repository/com/nordstrom/tools/testng-foundation/2.0.1/testng-foundation-2.0.1.jar:/Users/apetrov/.m2/repository/com/nordstrom/tools/java-utils/1.9.3/java-utils-1.9.3.jar:/Users/apetrov/.m2/repository/com/nordstrom/tools/settings/2.3.3/settings-2.3.3.jar:/Users/apetrov/.m2/repository/commons-beanutils/commons-beanutils/1.9.4/commons-beanutils-1.9.4.jar:/Users/apetrov/.m2/repository/io/appium/java-client/7.5.1/java-client-7.5.1.jar:/Users/apetrov/.m2/repository/org/seleniumhq/selenium/selenium-java/3.141.59/selenium-java-3.141.59.jar:/Users/apetrov/.m2/repository/org/seleniumhq/selenium/selenium-edge-driver/3.141.59/selenium-edge-driver-3.141.59.jar:/Users/apetrov/.m2/repository/org/seleniumhq/selenium/selenium-ie-driver/3.141.59/selenium-ie-driver-3.141.59.jar:/Users/apetrov/.m2/repository/org/seleniumhq/selenium/selenium-opera-driver/3.141.59/selenium-opera-driver-3.141.59.jar:/Users/apetrov/.m2/repository/org/seleniumhq/selenium/selenium-safari-driver/3.141.59/selenium-safari-driver-3.141.59.jar:/Users/apetrov/.m2/repository/cglib/cglib/3.3.0/cglib-3.3.0.jar:/Users/apetrov/.m2/repository/org/ow2/asm/asm/7.1/asm-7.1.jar:/Users/apetrov/.m2/repository/commons-validator/commons-validator/1.7/commons-validator-1.7.jar:/Users/apetrov/.m2/repository/commons-digester/commons-digester/2.1/commons-digester-2.1.jar:/Users/apetrov/.m2/repository/org/springframework/spring-context/5.3.4/spring-context-5.3.4.jar:/Users/apetrov/.m2/repository/org/springframework/spring-expression/5.3.4/spring-expression-5.3.4.jar:/Users/apetrov/.m2/repository/org/aspectj/aspectjweaver/1.9.6/aspectjweaver-1.9.6.jar:/Users/apetrov/.m2/repository/com/qaprosoft/carina-azure/7.2.14/carina-azure-7.2.14.jar:/Users/apetrov/.m2/repository/com/azure/azure-storage-blob/12.7.0/azure-storage-blob-12.7.0.jar:/Users/apetrov/.m2/repository/com/azure/azure-core/1.5.1/azure-core-1.5.1.jar:/Users/apetrov/.m2/repository/com/fasterxml/jackson/datatype/jackson-datatype-jsr310/2.10.1/jackson-datatype-jsr310-2.10.1.jar:/Users/apetrov/.m2/repository/com/fasterxml/jackson/dataformat/jackson-dataformat-xml/2.10.1/jackson-dataformat-xml-2.10.1.jar:/Users/apetrov/.m2/repository/com/fasterxml/jackson/module/jackson-module-jaxb-annotations/2.10.1/jackson-module-jaxb-annotations-2.10.1.jar:/Users/apetrov/.m2/repository/org/codehaus/woodstox/stax2-api/4.2/stax2-api-4.2.jar:/Users/apetrov/.m2/repository/com/fasterxml/woodstox/woodstox-core/6.0.2/woodstox-core-6.0.2.jar:/Users/apetrov/.m2/repository/io/projectreactor/reactor-core/3.3.5.RELEASE/reactor-core-3.3.5.RELEASE.jar:/Users/apetrov/.m2/repository/org/reactivestreams/reactive-streams/1.0.3/reactive-streams-1.0.3.jar:/Users/apetrov/.m2/repository/io/netty/netty-tcnative-boringssl-static/2.0.29.Final/netty-tcnative-boringssl-static-2.0.29.Final.jar:/Users/apetrov/.m2/repository/com/azure/azure-storage-common/12.7.0/azure-storage-common-12.7.0.jar:/Users/apetrov/.m2/repository/com/azure/azure-core-http-netty/1.5.2/azure-core-http-netty-1.5.2.jar:/Users/apetrov/.m2/repository/io/netty/netty-handler/4.1.49.Final/netty-handler-4.1.49.Final.jar:/Users/apetrov/.m2/repository/io/netty/netty-common/4.1.49.Final/netty-common-4.1.49.Final.jar:/Users/apetrov/.m2/repository/io/netty/netty-resolver/4.1.49.Final/netty-resolver-4.1.49.Final.jar:/Users/apetrov/.m2/repository/io/netty/netty-transport/4.1.49.Final/netty-transport-4.1.49.Final.jar:/Users/apetrov/.m2/repository/io/netty/netty-codec/4.1.49.Final/netty-codec-4.1.49.Final.jar:/Users/apetrov/.m2/repository/io/netty/netty-handler-proxy/4.1.49.Final/netty-handler-proxy-4.1.49.Final.jar:/Users/apetrov/.m2/repository/io/netty/netty-codec-socks/4.1.49.Final/netty-codec-socks-4.1.49.Final.jar:/Users/apetrov/.m2/repository/io/netty/netty-buffer/4.1.49.Final/netty-buffer-4.1.49.Final.jar:/Users/apetrov/.m2/repository/io/netty/netty-codec-http/4.1.49.Final/netty-codec-http-4.1.49.Final.jar:/Users/apetrov/.m2/repository/io/netty/netty-codec-http2/4.1.49.Final/netty-codec-http2-4.1.49.Final.jar:/Users/apetrov/.m2/repository/io/netty/netty-transport-native-unix-common/4.1.49.Final/netty-transport-native-unix-common-4.1.49.Final.jar:/Users/apetrov/.m2/repository/io/netty/netty-transport-native-epoll/4.1.49.Final/netty-transport-native-epoll-4.1.49.Final-linux-x86_64.jar:/Users/apetrov/.m2/repository/io/projectreactor/netty/reactor-netty/0.9.7.RELEASE/reactor-netty-0.9.7.RELEASE.jar:/Users/apetrov/.m2/repository/commons-io/commons-io/2.6/commons-io-2.6.jar:/Users/apetrov/.m2/repository/org/apache/commons/commons-lang3/3.12.0/commons-lang3-3.12.0.jar:/Users/apetrov/.m2/repository/org/apache/logging/log4j/log4j-slf4j-impl/2.17.1/log4j-slf4j-impl-2.17.1.jar:/Users/apetrov/.m2/repository/org/apache/logging/log4j/log4j-api/2.17.1/log4j-api-2.17.1.jar:/Users/apetrov/.m2/repository/org/apache/logging/log4j/log4j-core/2.17.1/log4j-core-2.17.1.jar:"/>
    <property name="sun.cpu.endian" value="little"/>
    <property name="user.home" value="/Users/apetrov"/>
    <property name="user.language" value="en"/>
    <property name="java.specification.vendor" value="Oracle Corporation"/>
    <property name="java.version.date" value="2022-01-18"/>
    <property name="java.home" value="/Users/apetrov/Library/Java/JavaVirtualMachines/openjdk-17.0.2/Contents/Home"/>
    <property name="file.separator" value="/"/>
    <property name="basedir" value="/Users/apetrov/Documents/carina-phones-test"/>
    <property name="java.vm.compressedOopsMode" value="Zero based"/>
    <property name="line.separator" value="&#10;"/>
    <property name="java.vm.specification.vendor" value="Oracle Corporation"/>
    <property name="java.specification.name" value="Java Platform API Specification"/>
    <property name="surefire.real.class.path" value="/Users/apetrov/Documents/carina-phones-test/target/surefire/surefirebooter12938395081172683027.jar"/>
    <property name="sun.management.compiler" value="HotSpot 64-Bit Tiered Compilers"/>
    <property name="ftp.nonProxyHosts" value="local|*.local|169.254/16|*.169.254/16"/>
    <property name="java.runtime.version" value="17.0.2+8-86"/>
    <property name="user.name" value="apetrov"/>
    <property name="path.separator" value=":"/>
    <property name="os.version" value="12.2"/>
    <property name="java.runtime.name" value="OpenJDK Runtime Environment"/>
    <property name="file.encoding" value="UTF-8"/>
    <property name="java.vm.name" value="OpenJDK 64-Bit Server VM"/>
    <property name="localRepository" value="/Users/apetrov/.m2/repository"/>
    <property name="java.vendor.url.bug" value="https://bugreport.java.com/bugreport/"/>
    <property name="java.io.tmpdir" value="/var/folders/j1/7631sqgd0xjggxbbpxdb2pgh0000gn/T/"/>
    <property name="java.version" value="17.0.2"/>
    <property name="user.dir" value="/Users/apetrov/Documents/carina-phones-test"/>
    <property name="os.arch" value="aarch64"/>
    <property name="java.vm.specification.name" value="Java Virtual Machine Specification"/>
    <property name="native.encoding" value="UTF-8"/>
    <property name="java.library.path" value="/Users/apetrov/Library/Java/Extensions:/Library/Java/Extensions:/Network/Library/Java/Extensions:/System/Library/Java/Extensions:/usr/lib/java:."/>
    <property name="java.vm.info" value="mixed mode, sharing"/>
    <property name="java.vendor" value="Oracle Corporation"/>
    <property name="java.vm.version" value="17.0.2+8-86"/>
    <property name="sun.io.unicode.encoding" value="UnicodeBig"/>
    <property name="socksNonProxyHosts" value="local|*.local|169.254/16|*.169.254/16"/>
    <property name="java.class.version" value="61.0"/>
  </properties>
  <testcase name="checkTest" classname="com.solvd.carinaphonestest.OnlinerTest" time="10.579">
    <failure message="Unable to instantiate page!" type="java.lang.RuntimeException"><![CDATA[java.lang.RuntimeException: Unable to instantiate page!
	at com.solvd.carinaphonestest.OnlinerTest.checkTest(OnlinerTest.java:11)
Caused by: java.lang.reflect.InvocationTargetException
	at com.solvd.carinaphonestest.OnlinerTest.checkTest(OnlinerTest.java:11)
Caused by: java.lang.RuntimeException: Configuration parameter 'env' should be set!
	at com.solvd.carinaphonestest.OnlinerTest.checkTest(OnlinerTest.java:11)
]]></failure>
    <system-out><![CDATA[2022-02-21 16:45:16 CarinaListener [main] [INFO] 
============= Test configuration =============
url=https://www.onliner.by
selenium_url=http://127.0.0.1:4723/wd/hub
max_driver_count=3
proxy_protocols=http,https,ftp
browsermob_port=0
auto_screenshot=true
explicit_timeout=200
retry_interval=10
project_report_directory=./reports
max_screen_history=10
big_screen_width=-1
big_screen_height=-1
init_retry_count=0
init_retry_interval=1
retry_count=0
locale=en_US
thread_count=-1
data_provider_thread_count=-1
core_log_level=DEBUG
core_log_packages=com.qaprosoft.carina.core
log_all_json=true
date_format=HH:mm:ss yyyy-MM-dd
time_format=HH:mm:ss
test_naming_pattern={method_name}
element_loading_strategy=BY_PRESENCE_OR_VISIBILITY
page_opening_strategy=BY_URL_AND_ELEMENT
localization_encoding=utf-8
localization_testing=false
default_device_timezone=GMT
default_device_time_format=24
default_device_language=en_US
selenium_url=http://127.0.0.1:4723/wd/hub

------------- Driver capabilities -----------
capabilities.deviceName=Pixel 5
capabilities.platformVersion=12
capabilities.automationName=uiautomator2
capabilities.browserName=chrome
capabilities.platformName=android
capabilities.deviceType=phone
capabilities.udid=emulator-5554
================================================

2022-02-21 16:45:16 TestRunRegistrar [main-1] [WARN] Reporting disabled: using no op test run registrar
2022-02-21 16:45:16 Reflections [main-1] [INFO] Reflections took 398 ms to scan 7 urls, producing 1743 keys and 7958 values 
2022-02-21 16:45:16 FilterTestsListener [main-1] [INFO] There are no any rules and limitations
2022-02-21 16:45:16 CarinaListener [main-1] [INFO] Updaged logger level for 'com.qaprosoft.carina.core.foundation.utils.R' to DEBUG
2022-02-21 16:45:16 CarinaListener [main-1] [INFO] Updaged logger level for 'com.qaprosoft.carina.core.foundation.webdriver.Screenshot' to DEBUG
2022-02-21 16:45:16 CarinaListener [main-1] [INFO] Updaged logger level for 'com.qaprosoft.carina.core.foundation.listeners.FilterTestsListener' to DEBUG
2022-02-21 16:45:16 CarinaListener [main-1] [INFO] Updaged logger level for 'com.qaprosoft.carina.core.foundation.utils.messager.ZebrunnerMessager' to DEBUG
2022-02-21 16:45:16 CarinaListener [main-1] [INFO] Updaged logger level for 'com.qaprosoft.carina.core.foundation.utils.resources.Resources' to DEBUG
2022-02-21 16:45:16 CarinaListener [main-1] [INFO] Updaged logger level for 'com.qaprosoft.carina.core.foundation.listeners.AbstractTestListener' to DEBUG
2022-02-21 16:45:16 CarinaListener [main-1] [INFO] Updaged logger level for 'com.qaprosoft.carina.core.foundation.utils.factory.ICustomTypePageFactory' to DEBUG
2022-02-21 16:45:16 CarinaListener [main-1] [INFO] Updaged logger level for 'com.qaprosoft.carina.core.foundation.utils.Configuration' to DEBUG
2022-02-21 16:45:16 CarinaListener [main-1] [INFO] Updaged logger level for 'com.qaprosoft.carina.core' to DEBUG
2022-02-21 16:45:16 CarinaListener [main-1] [INFO] Updaged logger level for 'com.qaprosoft.carina.core.foundation.report.ReportContext' to DEBUG
2022-02-21 16:45:16 CarinaListener [main-1] [INFO] Updaged logger level for 'com.qaprosoft.carina.core.foundation.utils.FileManager' to DEBUG
2022-02-21 16:45:16 CarinaListener [main-1] [INFO] Updaged logger level for 'com.qaprosoft.carina.core.foundation.utils.resources.L10N' to DEBUG
2022-02-21 16:45:16 CarinaListener [main-1] [INFO] Updaged logger level for 'com.qaprosoft.carina.core.foundation.report.testrail.ITestRailManager' to DEBUG
2022-02-21 16:45:16 CarinaListener [main-1] [INFO] Updaged logger level for 'com.qaprosoft.carina.core.foundation.webdriver.device.Device' to DEBUG
2022-02-21 16:45:16 CarinaListener [main-1] [INFO] Updaged logger level for 'com.qaprosoft.carina.core.foundation.webdriver.IDriverPool' to DEBUG
2022-02-21 16:45:16 CarinaListener [main-1] [INFO] Updaged logger level for 'com.qaprosoft.carina.core.foundation.utils.android.recorder.utils.AdbExecutor' to DEBUG
2022-02-21 16:45:16 CarinaListener [main-1] [INFO] Updaged logger level for 'com.qaprosoft.carina.core.foundation.listeners.CarinaListenerChain' to DEBUG
2022-02-21 16:45:16 CarinaListener [main-1] [INFO] Updaged logger level for 'com.qaprosoft.carina.core.foundation.report.qtest.IQTestManager' to DEBUG
2022-02-21 16:45:16 CarinaListener [main-1] [INFO] Updaged logger level for 'com.qaprosoft.carina.core.foundation.dataprovider' to DEBUG
2022-02-21 16:45:16 CarinaListener [main-1] [INFO] Updaged logger level for 'com.qaprosoft.carina.core.foundation.listeners.CarinaListener' to DEBUG
2022-02-21 16:45:16 CarinaListener [main-1] [INFO] Updaged logger level for 'com.qaprosoft.carina.core.foundation.utils.PlaceholderResolver' to DEBUG
2022-02-21 16:45:16 CarinaListener [main-1] [INFO] Updaged logger level for 'com.qaprosoft.carina.core.foundation.listeners.CarinaListener$ShutdownHook' to DEBUG
2022-02-21 16:45:16 CarinaListener [main-1] [DEBUG] thread-count from suite: 
2022-02-21 16:45:16 CarinaListener [main-1] [INFO] Set thread-count=1
2022-02-21 16:45:16 CarinaListener [main-1] [DEBUG] data-provider-thread-count from suite: 
2022-02-21 16:45:16 CarinaListener [main-1] [INFO] Set data-provider-thread-count=1
2022-02-21 16:45:16 CarinaListener [main-1] [DEBUG] disable TestRail integration!
2022-02-21 16:45:16 CarinaListener [main-1] [DEBUG] Class: jar:file:/Users/apetrov/.m2/repository/com/qaprosoft/carina-core/7.2.14/carina-core-7.2.14.jar!/com/qaprosoft/carina/core/foundation/listeners/CarinaListener.class
2022-02-21 16:45:16 CarinaListener [main-1] [INFO] CARINA_CORE_VERSION: 7.2.14
2022-02-21 16:45:16 CarinaListener [main-1] [DEBUG] CarinaListener->OnTestStart(ITestContext context): Surefire test
2022-02-21 16:45:16 AbstractTestListener [main-1] [DEBUG] AbstractTestListener->onStart(ITestContext context)
2022-02-21 16:45:16 TestRunRegistrar [main-1] [WARN] Reporting disabled: using no op test run registrar
2022-02-21 16:45:16 TestNamingService [main-1] [DEBUG] TestNamingPattern: {method_name}
2022-02-21 16:45:16 TestNamingService [main-1] [DEBUG] Test method description: 
2022-02-21 16:45:16 TestNamingService [main-1] [DEBUG] testName: Surefire test - checkTest
2022-02-21 16:45:16 CarinaListener [main-1] [DEBUG] CarinaListener->onTestStart
2022-02-21 16:45:16 AbstractTestListener [main-1] [DEBUG] AbstractTestListener->onTestStart
2022-02-21 16:45:16 TestRunRegistrar [main-1] [WARN] Reporting disabled: using no op test run registrar
2022-02-21 16:45:16 TestNamingService [main-1] [DEBUG] TestNamingPattern: {method_name}
2022-02-21 16:45:16 TestNamingService [main-1] [DEBUG] Test method description: 
2022-02-21 16:45:16 TestNamingService [main-1] [DEBUG] testName: Surefire test - checkTest
2022-02-21 16:45:16 Messager [main-1] [INFO] TEST [Surefire test - checkTest] STARTED at [16:45:16 2022-02-21]
2022-02-21 16:45:16 IDriverPool [main-1] [DEBUG] Starting new driver as nothing was found in the pool
2022-02-21 16:45:16 IDriverPool [main-1] [DEBUG] initDriver start...
2022-02-21 16:45:16 DriverFactory [main-1] [DEBUG] DriverFactory start...
2022-02-21 16:45:16 MobileFactory [main-1] [DEBUG] selenium: http://127.0.0.1:4723/wd/hub
2022-02-21 16:45:16 MobileCapabilities [main-1] [DEBUG] Default locale value is : en_US
2022-02-21 16:45:16 MobileCapabilities [main-1] [DEBUG] Put language and locale to android capabilities. language: en; locale: US
2022-02-21 16:45:16 MobileFactory [main-1] [DEBUG] capabilities: Capabilities {automationName: uiautomator2, browserName: chrome, carinaTestRunId: 77d87db7-44aa-42c7-bde3-994..., deviceName: Pixel 5, deviceType: phone, goog:chromeOptions: {args: [test-type, --no-first-run, --disable-notifications], extensions: [], w3c: false}, language: en, locale: US, platformName: android, platformVersion: 12, udid: emulator-5554}
2022-02-21 16:45:26 IDriverPool [main-1] [DEBUG] Set current device 'sdk_gphone64_arm64' to thread: 1
2022-02-21 16:45:26 IDriverPool [main-1] [DEBUG] register device for current thread id: 1; device: 'sdk_gphone64_arm64'
2022-02-21 16:45:26 Device [main-1] [DEBUG] Related apps had been already uninstalled or flag uninstall_related_apps is disabled.
2022-02-21 16:45:26 DriverFactory [main-1] [DEBUG] DriverFactory finish...
2022-02-21 16:45:26 IDriverPool [main-1] [DEBUG] Current device name is 'sdk_gphone64_arm64' for thread: 1
2022-02-21 16:45:26 IDriverPool [main-1] [DEBUG] initDriver finish...
2022-02-21 16:45:26 ICustomTypePageFactory [main-1] [DEBUG] Relatives classes count:2
2022-02-21 16:45:26 IDriverPool [main-1] [DEBUG] Current device name is 'sdk_gphone64_arm64' for thread: 1
2022-02-21 16:45:26 IDriverPool [main-1] [DEBUG] Current device name is 'sdk_gphone64_arm64' for thread: 1
2022-02-21 16:45:26 ICustomTypePageFactory [main-1] [DEBUG] Major version of device OS: 12
2022-02-21 16:45:26 ICustomTypePageFactory [main-1] [DEBUG] Expected screenType: ANDROID_PHONE, Actual screenType: ANDROID_PHONE
2022-02-21 16:45:26 ICustomTypePageFactory [main-1] [DEBUG] Expected screenType: ANDROID_PHONE, Actual screenType: DESKTOP
2022-02-21 16:45:26 ICustomTypePageFactory [main-1] [DEBUG] Instance by platform will be created.
2022-02-21 16:45:26 ICustomTypePageFactory [main-1] [DEBUG] Invoking constructor for class com.solvd.carinaphonestest.page.android.AndroidHomePage
2022-02-21 16:45:26 ICustomTypePageFactory [main-1] [DEBUG] Attempt to find costructor that satisfy to following parameters: [org.openqa.selenium.support.events.EventFiringWebDriver@45d38165]
2022-02-21 16:45:26 ICustomTypePageFactory [main-1] [DEBUG] Class class com.solvd.carinaphonestest.page.android.AndroidHomePage contains 1 ctors 
2022-02-21 16:45:26 ICustomTypePageFactory [main-1] [DEBUG] Constructor: public com.solvd.carinaphonestest.page.android.AndroidHomePage(org.openqa.selenium.WebDriver)
2022-02-21 16:45:26 ICustomTypePageFactory [main-1] [DEBUG] Discovered one of the InstantiationException | IllegalAccessException | IllegalArgumentException | InvocationTargetException | SecurityException
2022-02-21 16:45:26 RetryAnalyzer [main-1] [DEBUG] RetryAnalyzer: com.zebrunner.agent.testng.core.retry.RetryAnalyzerInterceptor@4552f905method: checkTest; paramIndex: 0; runCount: 1
2022-02-21 16:45:26 RetryAnalyzer [main-1] [DEBUG] RetryAnalyzer: com.zebrunner.agent.testng.core.retry.RetryAnalyzerInterceptor@4552f905Method: checkTest; Incremented retryCount: 1
2022-02-21 16:45:26 CarinaListener [main-1] [DEBUG] CarinaListener->onTestFailure
2022-02-21 16:45:26 Screenshot [main-1] [DEBUG] Screenshot->capture starting...
2022-02-21 16:45:26 Screenshot [main-1] [DEBUG] isCaptured->message: 'default: TEST FAILED - Unable to instantiate page!

com.qaprosoft.carina.core.foundation.utils.factory.ICustomTypePageFactory.initPage(ICustomTypePageFactory.java:140)
com.solvd.carinaphonestest.service.HomePageService.<init>(HomePageService.java:11)
com.solvd.carinaphonestest.OnlinerTest.checkTest(OnlinerTest.java:11)
java.base/jdk.internal.reflect.NativeMethodAccessorImpl.invoke0(Native Method)
java.base/jdk.internal.reflect.NativeMethodAccessorImpl.invoke(NativeMethodAccessorImpl.java:77)
java.base/jdk.internal.reflect.DelegatingMethodAccessorImpl.invoke(DelegatingMethodAccessorImpl.java:43)
java.base/java.lang.reflect.Method.invoke(Method.java:568)
org.testng.internal.MethodInvocationHelper.invokeMethod(MethodInvocationHelper.java:133)
org.testng.internal.TestInvoker.invokeMethod(TestInvoker.java:598)
org.testng.internal.TestInvoker.invokeTestMethod(TestInvoker.java:173)
org.testng.internal.MethodRunner.runInSequence(MethodRunner.java:46)
org.testng.internal.TestInvoker$MethodInvocationAgent.invoke(TestInvoker.java:824)
org.testng.internal.TestInvoker.invokeTestMethods(TestInvoker.java:146)
org.testng.internal.TestMethodWorker.invokeTestMethods(TestMethodWorker.java:146)
org.testng.internal.TestMethodWorker.run(TestMethodWorker.java:128)
java.base/java.util.ArrayList.forEach(ArrayList.java:1511)
org.testng.TestRunner.privateRun(TestRunner.java:794)
org.testng.TestRunner.run(TestRunner.java:596)
org.testng.SuiteRunner.runTest(SuiteRunner.java:377)
org.testng.SuiteRunner.runSequentially(SuiteRunner.java:371)
org.testng.SuiteRunner.privateRun(SuiteRunner.java:332)
org.testng.SuiteRunner.run(SuiteRunner.java:276)
org.testng.SuiteRunnerWorker.runSuite(SuiteRunnerWorker.java:53)
org.testng.SuiteRunnerWorker.run(SuiteRunnerWorker.java:96)
org.testng.TestNG.runSuitesSequentially(TestNG.java:1212)
org.testng.TestNG.runSuitesLocally(TestNG.java:1134)
org.testng.TestNG.runSuites(TestNG.java:1063)
org.testng.TestNG.run(TestNG.java:1031)
org.apache.maven.surefire.testng.TestNGExecutor.run(TestNGExecutor.java:136)
org.apache.maven.surefire.testng.TestNGDirectoryTestSuite.executeSingleClass(TestNGDirectoryTestSuite.java:112)
org.apache.maven.surefire.testng.TestNGDirectoryTestSuite.execute(TestNGDirectoryTestSuite.java:99)
org.apache.maven.surefire.testng.TestNGProvider.invoke(TestNGProvider.java:145)
org.apache.maven.surefire.booter.ForkedBooter.runSuitesInProcess(ForkedBooter.java:428)
org.apache.maven.surefire.booter.ForkedBooter.execute(ForkedBooter.java:162)
org.apache.maven.surefire.booter.ForkedBooter.run(ForkedBooter.java:562)
org.apache.maven.surefire.booter.ForkedBooter.main(ForkedBooter.java:548)'
2022-02-21 16:45:26 Screenshot [main-1] [DEBUG] starting full size screenshot capturing...
2022-02-21 16:45:26 Screenshot [main-1] [DEBUG] finished full size screenshot call.
2022-02-21 16:45:26 Screenshot [main-1] [DEBUG] Screenshot->capture finished.
2022-02-21 16:45:26 CarinaListener [main-1] [DEBUG] Test result is : 2
2022-02-21 16:45:26 IDriverPool [main-1] [DEBUG] start driver quit: default
2022-02-21 16:45:26 IDriverPool [pool-4-thread-1-1] [DEBUG] Starting drv.quit()
2022-02-21 16:45:27 IDriverPool [pool-4-thread-1-28] [DEBUG] Finished drv.quit()
2022-02-21 16:45:27 IDriverPool [main-1] [DEBUG] finished driver quit: default
2022-02-21 16:45:27 AbstractTestListener [main-1] [DEBUG] AbstractTestListener->onTestFailure
2022-02-21 16:45:27 TestNamingService [main-1] [DEBUG] TestNamingPattern: {method_name}
2022-02-21 16:45:27 TestNamingService [main-1] [DEBUG] Test method description: 
2022-02-21 16:45:27 TestNamingService [main-1] [DEBUG] testName: Surefire test - checkTest
2022-02-21 16:45:27 Messager [main-1] [ERROR] TEST [Surefire test - checkTest] FAILED at [16:45:27 2022-02-21] - Unable to instantiate page!

com.qaprosoft.carina.core.foundation.utils.factory.ICustomTypePageFactory.initPage(ICustomTypePageFactory.java:140)
com.solvd.carinaphonestest.service.HomePageService.<init>(HomePageService.java:11)
com.solvd.carinaphonestest.OnlinerTest.checkTest(OnlinerTest.java:11)
java.base/jdk.internal.reflect.NativeMethodAccessorImpl.invoke0(Native Method)
java.base/jdk.internal.reflect.NativeMethodAccessorImpl.invoke(NativeMethodAccessorImpl.java:77)
java.base/jdk.internal.reflect.DelegatingMethodAccessorImpl.invoke(DelegatingMethodAccessorImpl.java:43)
java.base/java.lang.reflect.Method.invoke(Method.java:568)
org.testng.internal.MethodInvocationHelper.invokeMethod(MethodInvocationHelper.java:133)
org.testng.internal.TestInvoker.invokeMethod(TestInvoker.java:598)
org.testng.internal.TestInvoker.invokeTestMethod(TestInvoker.java:173)
org.testng.internal.MethodRunner.runInSequence(MethodRunner.java:46)
org.testng.internal.TestInvoker$MethodInvocationAgent.invoke(TestInvoker.java:824)
org.testng.internal.TestInvoker.invokeTestMethods(TestInvoker.java:146)
org.testng.internal.TestMethodWorker.invokeTestMethods(TestMethodWorker.java:146)
org.testng.internal.TestMethodWorker.run(TestMethodWorker.java:128)
java.base/java.util.ArrayList.forEach(ArrayList.java:1511)
org.testng.TestRunner.privateRun(TestRunner.java:794)
org.testng.TestRunner.run(TestRunner.java:596)
org.testng.SuiteRunner.runTest(SuiteRunner.java:377)
org.testng.SuiteRunner.runSequentially(SuiteRunner.java:371)
org.testng.SuiteRunner.privateRun(SuiteRunner.java:332)
org.testng.SuiteRunner.run(SuiteRunner.java:276)
org.testng.SuiteRunnerWorker.runSuite(SuiteRunnerWorker.java:53)
org.testng.SuiteRunnerWorker.run(SuiteRunnerWorker.java:96)
org.testng.TestNG.runSuitesSequentially(TestNG.java:1212)
org.testng.TestNG.runSuitesLocally(TestNG.java:1134)
org.testng.TestNG.runSuites(TestNG.java:1063)
org.testng.TestNG.run(TestNG.java:1031)
org.apache.maven.surefire.testng.TestNGExecutor.run(TestNGExecutor.java:136)
org.apache.maven.surefire.testng.TestNGDirectoryTestSuite.executeSingleClass(TestNGDirectoryTestSuite.java:112)
org.apache.maven.surefire.testng.TestNGDirectoryTestSuite.execute(TestNGDirectoryTestSuite.java:99)
org.apache.maven.surefire.testng.TestNGProvider.invoke(TestNGProvider.java:145)
org.apache.maven.surefire.booter.ForkedBooter.runSuitesInProcess(ForkedBooter.java:428)
org.apache.maven.surefire.booter.ForkedBooter.execute(ForkedBooter.java:162)
org.apache.maven.surefire.booter.ForkedBooter.run(ForkedBooter.java:562)
org.apache.maven.surefire.booter.ForkedBooter.main(ForkedBooter.java:548)
2022-02-21 16:45:27 TestNamingService [main-1] [DEBUG] TestNamingPattern: {method_name}
2022-02-21 16:45:27 TestNamingService [main-1] [DEBUG] Test method description: 
2022-02-21 16:45:27 TestNamingService [main-1] [DEBUG] testName: Surefire test - checkTest
]]></system-out>
    <system-err><![CDATA[SLF4J: Class path contains multiple SLF4J bindings.
SLF4J: Found binding in [jar:file:/Users/apetrov/.m2/repository/org/slf4j/slf4j-log4j12/1.7.30/slf4j-log4j12-1.7.30.jar!/org/slf4j/impl/StaticLoggerBinder.class]
SLF4J: Found binding in [jar:file:/Users/apetrov/.m2/repository/org/apache/logging/log4j/log4j-slf4j-impl/2.17.1/log4j-slf4j-impl-2.17.1.jar!/org/slf4j/impl/StaticLoggerBinder.class]
SLF4J: See http://www.slf4j.org/codes.html#multiple_bindings for an explanation.
SLF4J: Actual binding is of type [org.slf4j.impl.Log4jLoggerFactory]
Feb 21, 2022 4:45:26 PM org.openqa.selenium.remote.ProtocolHandshake createSession
INFO: Detected dialect: W3C
]]></system-err>
  </testcase>
</testsuite>